Determining if the pthread_create exist failed with the following output:
Change Dir: /home/nick/ClionProjects/olympus-watchdog/CMakeFiles/CMakeTmp

Run Build Command:/usr/bin/make "cmTryCompileExec1773796829/fast"
/usr/bin/make -f CMakeFiles/cmTryCompileExec1773796829.dir/build.make CMakeFiles/cmTryCompileExec1773796829.dir/build
make[1]: Entering directory `/home/nick/ClionProjects/olympus-watchdog/CMakeFiles/CMakeTmp'
/usr/bin/cmake -E cmake_progress_report /home/nick/ClionProjects/olympus-watchdog/CMakeFiles/CMakeTmp/CMakeFiles 1
Building C object CMakeFiles/cmTryCompileExec1773796829.dir/CheckSymbolExists.c.o
/usr/bin/cc    -o CMakeFiles/cmTryCompileExec1773796829.dir/CheckSymbolExists.c.o   -c /home/nick/ClionProjects/olympus-watchdog/CMakeFiles/CMakeTmp/CheckSymbolExists.c
Linking C executable cmTryCompileExec1773796829
/usr/bin/cmake -E cmake_link_script CMakeFiles/cmTryCompileExec1773796829.dir/link.txt --verbose=1
/usr/bin/cc       CMakeFiles/cmTryCompileExec1773796829.dir/CheckSymbolExists.c.o  -o cmTryCompileExec1773796829 -rdynamic 
CMakeFiles/cmTryCompileExec1773796829.dir/CheckSymbolExists.c.o: In function `main':
CheckSymbolExists.c:(.text+0x16): undefined reference to `pthread_create'
collect2: error: ld returned 1 exit status
make[1]: Leaving directory `/home/nick/ClionProjects/olympus-watchdog/CMakeFiles/CMakeTmp'
make[1]: *** [cmTryCompileExec1773796829] Error 1
make: *** [cmTryCompileExec1773796829/fast] Error 2

File /home/nick/ClionProjects/olympus-watchdog/CMakeFiles/CMakeTmp/CheckSymbolExists.c:
/* */
#include <pthread.h>

int main(int argc, char** argv)
{
  (void)argv;
#ifndef pthread_create
  return ((int*)(&pthread_create))[argc];
#else
  (void)argc;
  return 0;
#endif
}

Determining if the function pthread_create exists in the pthreads failed with the following output:
Change Dir: /home/nick/ClionProjects/olympus-watchdog/CMakeFiles/CMakeTmp

Run Build Command:/usr/bin/make "cmTryCompileExec2119668148/fast"
/usr/bin/make -f CMakeFiles/cmTryCompileExec2119668148.dir/build.make CMakeFiles/cmTryCompileExec2119668148.dir/build
make[1]: Entering directory `/home/nick/ClionProjects/olympus-watchdog/CMakeFiles/CMakeTmp'
/usr/bin/cmake -E cmake_progress_report /home/nick/ClionProjects/olympus-watchdog/CMakeFiles/CMakeTmp/CMakeFiles 1
Building C object CMakeFiles/cmTryCompileExec2119668148.dir/CheckFunctionExists.c.o
/usr/bin/cc   -DCHECK_FUNCTION_EXISTS=pthread_create   -o CMakeFiles/cmTryCompileExec2119668148.dir/CheckFunctionExists.c.o   -c /usr/share/cmake-2.8/Modules/CheckFunctionExists.c
Linking C executable cmTryCompileExec2119668148
/usr/bin/cmake -E cmake_link_script CMakeFiles/cmTryCompileExec2119668148.dir/link.txt --verbose=1
/usr/bin/cc   -DCHECK_FUNCTION_EXISTS=pthread_create    CMakeFiles/cmTryCompileExec2119668148.dir/CheckFunctionExists.c.o  -o cmTryCompileExec2119668148 -rdynamic -lpthreads 
/usr/bin/ld: cannot find -lpthreads
collect2: error: ld returned 1 exit status
make[1]: Leaving directory `/home/nick/ClionProjects/olympus-watchdog/CMakeFiles/CMakeTmp'
make[1]: *** [cmTryCompileExec2119668148] Error 1
make: *** [cmTryCompileExec2119668148/fast] Error 2


